<?xml version="1.0" encoding="UTF-8"?>
<!-- Generated by org.testng.reporters.JUnitXMLReporter -->
<testsuite ignored="0" hostname="vidvis" failures="4" tests="7" name="AndroidDevice2Test" time="69.51" errors="0" timestamp="2026-04-04T02:07:15 EDT">
  <testcase classname="testBase.BaseClass" name="@BeforeClass ConfigureAppium" time="19.622">
    <failure type="org.openqa.selenium.SessionNotCreatedException" message="Could not start a new session. Response code 500. Message: The instrumentation process cannot be initialized. Make sure the application under test does not crash and investigate the logcat output. 
Host info: host: &amp;apos;VIDVIS&amp;apos;, ip: &amp;apos;10.0.0.58&amp;apos;
Build info: version: &amp;apos;4.41.0&amp;apos;, revision: &amp;apos;9fc754f&amp;apos;
System info: os.name: &amp;apos;Windows 11&amp;apos;, os.arch: &amp;apos;amd64&amp;apos;, os.version: &amp;apos;10.0&amp;apos;, java.version: &amp;apos;18.0.2.1&amp;apos;
Driver info: io.appium.java_client.android.AndroidDriver
Command: [null, newSession {capabilities=[Capabilities {appium:app: C://Users//sunda//eclipse-w..., appium:automationName: UIAutomator2, appium:deviceName: emulator-5554, appium:systemPort: 8201, platformName: ANDROID}]}]
Capabilities {appium:app: C://Users//sunda//eclipse-w..., appium:automationName: UIAutomator2, appium:deviceName: emulator-5554, appium:systemPort: 8201, platformName: ANDROID}">
      <![CDATA[org.openqa.selenium.SessionNotCreatedException: Could not start a new session. Response code 500. Message: The instrumentation process cannot be initialized. Make sure the application under test does not crash and investigate the logcat output. 
Host info: host: 'VIDVIS', ip: '10.0.0.58'
Build info: version: '4.41.0', revision: '9fc754f'
System info: os.name: 'Windows 11', os.arch: 'amd64', os.version: '10.0', java.version: '18.0.2.1'
Driver info: io.appium.java_client.android.AndroidDriver
Command: [null, newSession {capabilities=[Capabilities {appium:app: C://Users//sunda//eclipse-w..., appium:automationName: UIAutomator2, appium:deviceName: emulator-5554, appium:systemPort: 8201, platformName: ANDROID}]}]
Capabilities {appium:app: C://Users//sunda//eclipse-w..., appium:automationName: UIAutomator2, appium:deviceName: emulator-5554, appium:systemPort: 8201, platformName: ANDROID}
at org.openqa.selenium.remote.ProtocolHandshake.createSession(ProtocolHandshake.java:114)
at org.openqa.selenium.remote.ProtocolHandshake.createSession(ProtocolHandshake.java:75)
at org.openqa.selenium.remote.ProtocolHandshake.createSession(ProtocolHandshake.java:61)
at io.appium.java_client.remote.AppiumCommandExecutor.createSession(AppiumCommandExecutor.java:178)
at io.appium.java_client.remote.AppiumCommandExecutor.execute(AppiumCommandExecutor.java:243)
at org.openqa.selenium.remote.RemoteWebDriver.execute(RemoteWebDriver.java:604)
at io.appium.java_client.AppiumDriver.startSession(AppiumDriver.java:308)
at org.openqa.selenium.remote.RemoteWebDriver.<init>(RemoteWebDriver.java:211)
at org.openqa.selenium.remote.RemoteWebDriver.<init>(RemoteWebDriver.java:197)
at io.appium.java_client.AppiumDriver.<init>(AppiumDriver.java:98)
at io.appium.java_client.AppiumDriver.<init>(AppiumDriver.java:109)
at io.appium.java_client.android.AndroidDriver.<init>(AndroidDriver.java:108)
at testBase.BaseClass.ConfigureAppium(BaseClass.java:29)
at java.base/java.util.concurrent.Executors$RunnableAdapter.call(Executors.java:539)
at java.base/java.util.concurrent.FutureTask.run(FutureTask.java:264)
at java.base/java.util.concurrent.ThreadPoolExecutor.runWorker(ThreadPoolExecutor.java:1136)
at java.base/java.util.concurrent.ThreadPoolExecutor$Worker.run(ThreadPoolExecutor.java:635)
at java.base/java.lang.Thread.run(Thread.java:833)
... Removed 9 stack frames]]>
    </failure>
  </testcase> <!-- @BeforeClass ConfigureAppium -->
  <testcase classname="testBase.BaseClass" name="@AfterClass tearDown" time="0.0">
    <skipped/>
  </testcase> <!-- @AfterClass tearDown -->
  <testcase classname="testBase.BaseClass" name="@BeforeClass ConfigureAppium" time="1.682">
    <failure type="org.openqa.selenium.SessionNotCreatedException" message="Could not start a new session. Response code 500. Message: UiAutomator2 Server cannot start because the local port #8201 is busy. Make sure the port you provide via &amp;apos;systemPort&amp;apos; capability is not occupied. This situation might often be a result of an inaccurate sessions management, e.g. old automation sessions on the same device must always be closed before starting new ones. 
Host info: host: &amp;apos;VIDVIS&amp;apos;, ip: &amp;apos;10.0.0.58&amp;apos;
Build info: version: &amp;apos;4.41.0&amp;apos;, revision: &amp;apos;9fc754f&amp;apos;
System info: os.name: &amp;apos;Windows 11&amp;apos;, os.arch: &amp;apos;amd64&amp;apos;, os.version: &amp;apos;10.0&amp;apos;, java.version: &amp;apos;18.0.2.1&amp;apos;
Driver info: io.appium.java_client.android.AndroidDriver
Command: [null, newSession {capabilities=[Capabilities {appium:app: C://Users//sunda//eclipse-w..., appium:automationName: UIAutomator2, appium:deviceName: emulator-5554, appium:systemPort: 8201, platformName: ANDROID}]}]
Capabilities {appium:app: C://Users//sunda//eclipse-w..., appium:automationName: UIAutomator2, appium:deviceName: emulator-5554, appium:systemPort: 8201, platformName: ANDROID}">
      <![CDATA[org.openqa.selenium.SessionNotCreatedException: Could not start a new session. Response code 500. Message: UiAutomator2 Server cannot start because the local port #8201 is busy. Make sure the port you provide via 'systemPort' capability is not occupied. This situation might often be a result of an inaccurate sessions management, e.g. old automation sessions on the same device must always be closed before starting new ones. 
Host info: host: 'VIDVIS', ip: '10.0.0.58'
Build info: version: '4.41.0', revision: '9fc754f'
System info: os.name: 'Windows 11', os.arch: 'amd64', os.version: '10.0', java.version: '18.0.2.1'
Driver info: io.appium.java_client.android.AndroidDriver
Command: [null, newSession {capabilities=[Capabilities {appium:app: C://Users//sunda//eclipse-w..., appium:automationName: UIAutomator2, appium:deviceName: emulator-5554, appium:systemPort: 8201, platformName: ANDROID}]}]
Capabilities {appium:app: C://Users//sunda//eclipse-w..., appium:automationName: UIAutomator2, appium:deviceName: emulator-5554, appium:systemPort: 8201, platformName: ANDROID}
at org.openqa.selenium.remote.ProtocolHandshake.createSession(ProtocolHandshake.java:114)
at org.openqa.selenium.remote.ProtocolHandshake.createSession(ProtocolHandshake.java:75)
at org.openqa.selenium.remote.ProtocolHandshake.createSession(ProtocolHandshake.java:61)
at io.appium.java_client.remote.AppiumCommandExecutor.createSession(AppiumCommandExecutor.java:178)
at io.appium.java_client.remote.AppiumCommandExecutor.execute(AppiumCommandExecutor.java:243)
at org.openqa.selenium.remote.RemoteWebDriver.execute(RemoteWebDriver.java:604)
at io.appium.java_client.AppiumDriver.startSession(AppiumDriver.java:308)
at org.openqa.selenium.remote.RemoteWebDriver.<init>(RemoteWebDriver.java:211)
at org.openqa.selenium.remote.RemoteWebDriver.<init>(RemoteWebDriver.java:197)
at io.appium.java_client.AppiumDriver.<init>(AppiumDriver.java:98)
at io.appium.java_client.AppiumDriver.<init>(AppiumDriver.java:109)
at io.appium.java_client.android.AndroidDriver.<init>(AndroidDriver.java:108)
at testBase.BaseClass.ConfigureAppium(BaseClass.java:29)
at java.base/java.util.concurrent.Executors$RunnableAdapter.call(Executors.java:539)
at java.base/java.util.concurrent.FutureTask.run(FutureTask.java:264)
at java.base/java.util.concurrent.ThreadPoolExecutor.runWorker(ThreadPoolExecutor.java:1136)
at java.base/java.util.concurrent.ThreadPoolExecutor$Worker.run(ThreadPoolExecutor.java:635)
at java.base/java.lang.Thread.run(Thread.java:833)
... Removed 9 stack frames]]>
    </failure>
  </testcase> <!-- @BeforeClass ConfigureAppium -->
  <testcase classname="testBase.BaseClass" name="@AfterClass tearDown" time="0.0">
    <skipped/>
  </testcase> <!-- @AfterClass tearDown -->
  <testcase classname="testBase.BaseClass" name="@BeforeClass ConfigureAppium" time="16.43">
    <failure type="org.openqa.selenium.SessionNotCreatedException" message="Could not start a new session. Response code 500. Message: The instrumentation process cannot be initialized. Make sure the application under test does not crash and investigate the logcat output. 
Host info: host: &amp;apos;VIDVIS&amp;apos;, ip: &amp;apos;10.0.0.58&amp;apos;
Build info: version: &amp;apos;4.41.0&amp;apos;, revision: &amp;apos;9fc754f&amp;apos;
System info: os.name: &amp;apos;Windows 11&amp;apos;, os.arch: &amp;apos;amd64&amp;apos;, os.version: &amp;apos;10.0&amp;apos;, java.version: &amp;apos;18.0.2.1&amp;apos;
Driver info: io.appium.java_client.android.AndroidDriver
Command: [null, newSession {capabilities=[Capabilities {appium:app: C://Users//sunda//eclipse-w..., appium:automationName: UIAutomator2, appium:deviceName: emulator-5554, appium:systemPort: 8201, platformName: ANDROID}]}]
Capabilities {appium:app: C://Users//sunda//eclipse-w..., appium:automationName: UIAutomator2, appium:deviceName: emulator-5554, appium:systemPort: 8201, platformName: ANDROID}">
      <![CDATA[org.openqa.selenium.SessionNotCreatedException: Could not start a new session. Response code 500. Message: The instrumentation process cannot be initialized. Make sure the application under test does not crash and investigate the logcat output. 
Host info: host: 'VIDVIS', ip: '10.0.0.58'
Build info: version: '4.41.0', revision: '9fc754f'
System info: os.name: 'Windows 11', os.arch: 'amd64', os.version: '10.0', java.version: '18.0.2.1'
Driver info: io.appium.java_client.android.AndroidDriver
Command: [null, newSession {capabilities=[Capabilities {appium:app: C://Users//sunda//eclipse-w..., appium:automationName: UIAutomator2, appium:deviceName: emulator-5554, appium:systemPort: 8201, platformName: ANDROID}]}]
Capabilities {appium:app: C://Users//sunda//eclipse-w..., appium:automationName: UIAutomator2, appium:deviceName: emulator-5554, appium:systemPort: 8201, platformName: ANDROID}
at org.openqa.selenium.remote.ProtocolHandshake.createSession(ProtocolHandshake.java:114)
at org.openqa.selenium.remote.ProtocolHandshake.createSession(ProtocolHandshake.java:75)
at org.openqa.selenium.remote.ProtocolHandshake.createSession(ProtocolHandshake.java:61)
at io.appium.java_client.remote.AppiumCommandExecutor.createSession(AppiumCommandExecutor.java:178)
at io.appium.java_client.remote.AppiumCommandExecutor.execute(AppiumCommandExecutor.java:243)
at org.openqa.selenium.remote.RemoteWebDriver.execute(RemoteWebDriver.java:604)
at io.appium.java_client.AppiumDriver.startSession(AppiumDriver.java:308)
at org.openqa.selenium.remote.RemoteWebDriver.<init>(RemoteWebDriver.java:211)
at org.openqa.selenium.remote.RemoteWebDriver.<init>(RemoteWebDriver.java:197)
at io.appium.java_client.AppiumDriver.<init>(AppiumDriver.java:98)
at io.appium.java_client.AppiumDriver.<init>(AppiumDriver.java:109)
at io.appium.java_client.android.AndroidDriver.<init>(AndroidDriver.java:108)
at testBase.BaseClass.ConfigureAppium(BaseClass.java:29)
at java.base/java.util.concurrent.Executors$RunnableAdapter.call(Executors.java:539)
at java.base/java.util.concurrent.FutureTask.run(FutureTask.java:264)
at java.base/java.util.concurrent.ThreadPoolExecutor.runWorker(ThreadPoolExecutor.java:1136)
at java.base/java.util.concurrent.ThreadPoolExecutor$Worker.run(ThreadPoolExecutor.java:635)
at java.base/java.lang.Thread.run(Thread.java:833)
... Removed 9 stack frames]]>
    </failure>
  </testcase> <!-- @BeforeClass ConfigureAppium -->
  <testcase classname="testBase.BaseClass" name="@AfterClass tearDown" time="0.0">
    <skipped/>
  </testcase> <!-- @AfterClass tearDown -->
  <testcase classname="testCases.LetsShop" name="LetsShopTest" time="0.001">
    <skipped/>
  </testcase> <!-- LetsShopTest -->
  <testcase classname="testCases.LaunchApp" name="LaunchAppTest" time="0.984">
    <failure type="org.openqa.selenium.WebDriverException" message="&amp;apos;POST /element&amp;apos; cannot be proxied to UiAutomator2 server because the instrumentation process is not running (probably crashed). Check the server log and/or the logcat output for more details
Build info: version: &amp;apos;4.41.0&amp;apos;, revision: &amp;apos;9fc754f&amp;apos;
System info: os.name: &amp;apos;Windows 11&amp;apos;, os.arch: &amp;apos;amd64&amp;apos;, os.version: &amp;apos;10.0&amp;apos;, java.version: &amp;apos;18.0.2.1&amp;apos;
Driver info: io.appium.java_client.android.AndroidDriver
Command: [109718dd-059e-491a-9f1c-2fd8b6ae16eb, findElement {value=com.androidsample.generalstore:id/nameField, using=id}]
Capabilities {appium:app: C://Users//sunda//eclipse-w..., appium:appActivity: com.androidsample.generalst..., appium:appPackage: com.androidsample.generalstore, appium:automationName: UIAutomator2, appium:databaseEnabled: false, appium:desired: {app: C://Users//sunda//eclipse-w..., automationName: UIAutomator2, deviceName: emulator-5554, platformName: ANDROID, systemPort: 8201}, appium:deviceApiLevel: 37, appium:deviceManufacturer: Google, appium:deviceModel: sdk_gphone16k_x86_64, appium:deviceName: emulator-5554, appium:deviceScreenDensity: 420, appium:deviceScreenSize: 1080x2424, appium:deviceUDID: emulator-5554, appium:javascriptEnabled: true, appium:locationContextEnabled: false, appium:networkConnectionEnabled: true, appium:pixelRatio: 2.625, appium:platformVersion: 17, appium:statBarHeight: 137, appium:systemPort: 8201, appium:takesScreenshot: true, appium:viewportRect: {height: 2287, left: 0, top: 137, width: 1080}, appium:warnings: {}, appium:webStorageEnabled: false, platformName: ANDROID}
Session ID: 109718dd-059e-491a-9f1c-2fd8b6ae16eb">
      <![CDATA[org.openqa.selenium.WebDriverException: 'POST /element' cannot be proxied to UiAutomator2 server because the instrumentation process is not running (probably crashed). Check the server log and/or the logcat output for more details
Build info: version: '4.41.0', revision: '9fc754f'
System info: os.name: 'Windows 11', os.arch: 'amd64', os.version: '10.0', java.version: '18.0.2.1'
Driver info: io.appium.java_client.android.AndroidDriver
Command: [109718dd-059e-491a-9f1c-2fd8b6ae16eb, findElement {value=com.androidsample.generalstore:id/nameField, using=id}]
Capabilities {appium:app: C://Users//sunda//eclipse-w..., appium:appActivity: com.androidsample.generalst..., appium:appPackage: com.androidsample.generalstore, appium:automationName: UIAutomator2, appium:databaseEnabled: false, appium:desired: {app: C://Users//sunda//eclipse-w..., automationName: UIAutomator2, deviceName: emulator-5554, platformName: ANDROID, systemPort: 8201}, appium:deviceApiLevel: 37, appium:deviceManufacturer: Google, appium:deviceModel: sdk_gphone16k_x86_64, appium:deviceName: emulator-5554, appium:deviceScreenDensity: 420, appium:deviceScreenSize: 1080x2424, appium:deviceUDID: emulator-5554, appium:javascriptEnabled: true, appium:locationContextEnabled: false, appium:networkConnectionEnabled: true, appium:pixelRatio: 2.625, appium:platformVersion: 17, appium:statBarHeight: 137, appium:systemPort: 8201, appium:takesScreenshot: true, appium:viewportRect: {height: 2287, left: 0, top: 137, width: 1080}, appium:warnings: {}, appium:webStorageEnabled: false, platformName: ANDROID}
Session ID: 109718dd-059e-491a-9f1c-2fd8b6ae16eb
at org.openqa.selenium.remote.ErrorCodec.decode(ErrorCodec.java:169)
at org.openqa.selenium.remote.codec.w3c.W3CHttpResponseCodec.decode(W3CHttpResponseCodec.java:142)
at org.openqa.selenium.remote.codec.w3c.W3CHttpResponseCodec.decode(W3CHttpResponseCodec.java:49)
at org.openqa.selenium.remote.HttpCommandExecutor.execute(HttpCommandExecutor.java:223)
at io.appium.java_client.remote.AppiumCommandExecutor.execute(AppiumCommandExecutor.java:243)
at org.openqa.selenium.remote.RemoteWebDriver.execute(RemoteWebDriver.java:604)
at org.openqa.selenium.remote.ElementLocation$ElementFinder$2.findElement(ElementLocation.java:166)
at org.openqa.selenium.remote.ElementLocation.findElement(ElementLocation.java:67)
at org.openqa.selenium.remote.RemoteWebDriver.findElement(RemoteWebDriver.java:427)
at org.openqa.selenium.remote.RemoteWebDriver.findElement(RemoteWebDriver.java:421)
at io.appium.java_client.pagefactory.bys.builder.ByChained.lambda$getSearchingFunction$0(ByChained.java:41)
at org.openqa.selenium.support.ui.FluentWait.until(FluentWait.java:209)
at io.appium.java_client.pagefactory.bys.builder.ByChained.findElement(ByChained.java:72)
at org.openqa.selenium.remote.ElementLocation$ElementFinder$1.findElement(ElementLocation.java:140)
at org.openqa.selenium.remote.ElementLocation.findElement(ElementLocation.java:82)
at org.openqa.selenium.remote.RemoteWebDriver.findElement(RemoteWebDriver.java:427)
at org.openqa.selenium.remote.RemoteWebDriver.findElement(RemoteWebDriver.java:421)
at io.appium.java_client.pagefactory.bys.ContentMappedBy.findElement(ContentMappedBy.java:54)
at org.openqa.selenium.remote.ElementLocation$ElementFinder$1.findElement(ElementLocation.java:140)
at org.openqa.selenium.remote.ElementLocation.findElement(ElementLocation.java:82)
at org.openqa.selenium.remote.RemoteWebDriver.findElement(RemoteWebDriver.java:427)
at org.openqa.selenium.remote.RemoteWebDriver.findElement(RemoteWebDriver.java:421)
at io.appium.java_client.pagefactory.AppiumElementLocator.lambda$findElement$1(AppiumElementLocator.java:160)
at io.appium.java_client.pagefactory.AppiumElementLocator$WaitingFunction.apply(AppiumElementLocator.java:217)
at io.appium.java_client.pagefactory.AppiumElementLocator$WaitingFunction.apply(AppiumElementLocator.java:210)
at org.openqa.selenium.support.ui.FluentWait.until(FluentWait.java:209)
at io.appium.java_client.pagefactory.AppiumElementLocator.waitFor(AppiumElementLocator.java:135)
at io.appium.java_client.pagefactory.AppiumElementLocator.findElement(AppiumElementLocator.java:160)
at io.appium.java_client.pagefactory.interceptors.InterceptorOfASingleElement.call(InterceptorOfASingleElement.java:74)
at io.appium.java_client.proxy.Interceptor.intercept(Interceptor.java:78)
at org.openqa.selenium.remote.RemoteWebElement$ByteBuddy$pnKpN5v1.getText(Unknown Source)
at pageObjects.HomePage.verifyHomePage(HomePage.java:48)
at testCases.LaunchApp.LaunchAppTest(LaunchApp.java:14)
at java.base/java.util.concurrent.Executors$RunnableAdapter.call(Executors.java:539)
at java.base/java.util.concurrent.FutureTask.run(FutureTask.java:264)
at java.base/java.util.concurrent.ThreadPoolExecutor.runWorker(ThreadPoolExecutor.java:1136)
at java.base/java.util.concurrent.ThreadPoolExecutor$Worker.run(ThreadPoolExecutor.java:635)
at java.base/java.lang.Thread.run(Thread.java:833)
... Removed 11 stack frames]]>
    </failure>
  </testcase> <!-- LaunchAppTest -->
  <testcase classname="testCases.CompletePurchase" name="CompletePurchaseTest" time="5.941">
    <failure type="org.openqa.selenium.WebDriverException" message="Could not proxy command to the remote server. Original error: socket hang up
Build info: version: &amp;apos;4.41.0&amp;apos;, revision: &amp;apos;9fc754f&amp;apos;
System info: os.name: &amp;apos;Windows 11&amp;apos;, os.arch: &amp;apos;amd64&amp;apos;, os.version: &amp;apos;10.0&amp;apos;, java.version: &amp;apos;18.0.2.1&amp;apos;
Driver info: io.appium.java_client.android.AndroidDriver
Command: [91f62f62-b005-4d65-9ace-2dc98011d593, clickElement {id=00000000-0000-0162-ffff-ffff00000021}]
Capabilities {appium:app: C://Users//sunda//eclipse-w..., appium:appActivity: com.androidsample.generalst..., appium:appPackage: com.androidsample.generalstore, appium:automationName: UIAutomator2, appium:databaseEnabled: false, appium:desired: {app: C://Users//sunda//eclipse-w..., automationName: UIAutomator2, deviceName: emulator-5554, platformName: ANDROID, systemPort: 8201}, appium:deviceApiLevel: 37, appium:deviceManufacturer: Google, appium:deviceModel: sdk_gphone16k_x86_64, appium:deviceName: emulator-5554, appium:deviceScreenDensity: 420, appium:deviceScreenSize: 1080x2424, appium:deviceUDID: emulator-5554, appium:javascriptEnabled: true, appium:locationContextEnabled: false, appium:networkConnectionEnabled: true, appium:pixelRatio: 2.625, appium:platformVersion: 17, appium:statBarHeight: 137, appium:systemPort: 8201, appium:takesScreenshot: true, appium:viewportRect: {height: 2287, left: 0, top: 137, width: 1080}, appium:warnings: {}, appium:webStorageEnabled: false, platformName: ANDROID}
Element: [[AndroidDriver:  on ANDROID (91f62f62-b005-4d65-9ace-2dc98011d593)] -&amp;gt; id: com.androidsample.generalstore:id/btnLetsShop]
Session ID: 91f62f62-b005-4d65-9ace-2dc98011d593">
      <![CDATA[org.openqa.selenium.WebDriverException: Could not proxy command to the remote server. Original error: socket hang up
Build info: version: '4.41.0', revision: '9fc754f'
System info: os.name: 'Windows 11', os.arch: 'amd64', os.version: '10.0', java.version: '18.0.2.1'
Driver info: io.appium.java_client.android.AndroidDriver
Command: [91f62f62-b005-4d65-9ace-2dc98011d593, clickElement {id=00000000-0000-0162-ffff-ffff00000021}]
Capabilities {appium:app: C://Users//sunda//eclipse-w..., appium:appActivity: com.androidsample.generalst..., appium:appPackage: com.androidsample.generalstore, appium:automationName: UIAutomator2, appium:databaseEnabled: false, appium:desired: {app: C://Users//sunda//eclipse-w..., automationName: UIAutomator2, deviceName: emulator-5554, platformName: ANDROID, systemPort: 8201}, appium:deviceApiLevel: 37, appium:deviceManufacturer: Google, appium:deviceModel: sdk_gphone16k_x86_64, appium:deviceName: emulator-5554, appium:deviceScreenDensity: 420, appium:deviceScreenSize: 1080x2424, appium:deviceUDID: emulator-5554, appium:javascriptEnabled: true, appium:locationContextEnabled: false, appium:networkConnectionEnabled: true, appium:pixelRatio: 2.625, appium:platformVersion: 17, appium:statBarHeight: 137, appium:systemPort: 8201, appium:takesScreenshot: true, appium:viewportRect: {height: 2287, left: 0, top: 137, width: 1080}, appium:warnings: {}, appium:webStorageEnabled: false, platformName: ANDROID}
Element: [[AndroidDriver:  on ANDROID (91f62f62-b005-4d65-9ace-2dc98011d593)] -> id: com.androidsample.generalstore:id/btnLetsShop]
Session ID: 91f62f62-b005-4d65-9ace-2dc98011d593
at org.openqa.selenium.remote.ErrorCodec.decode(ErrorCodec.java:169)
at org.openqa.selenium.remote.codec.w3c.W3CHttpResponseCodec.decode(W3CHttpResponseCodec.java:142)
at org.openqa.selenium.remote.codec.w3c.W3CHttpResponseCodec.decode(W3CHttpResponseCodec.java:49)
at org.openqa.selenium.remote.HttpCommandExecutor.execute(HttpCommandExecutor.java:223)
at io.appium.java_client.remote.AppiumCommandExecutor.execute(AppiumCommandExecutor.java:243)
at org.openqa.selenium.remote.RemoteWebDriver.execute(RemoteWebDriver.java:604)
at org.openqa.selenium.remote.RemoteWebElement.execute(RemoteWebElement.java:223)
at org.openqa.selenium.remote.RemoteWebElement.click(RemoteWebElement.java:76)
at io.appium.java_client.pagefactory.ElementInterceptor.getObject(ElementInterceptor.java:42)
at io.appium.java_client.pagefactory.interceptors.InterceptorOfASingleElement.call(InterceptorOfASingleElement.java:78)
at io.appium.java_client.proxy.Interceptor.intercept(Interceptor.java:78)
at org.openqa.selenium.remote.RemoteWebElement$ByteBuddy$pnKpN5v1.click(Unknown Source)
at pageObjects.HomePage.clickLetsShop(HomePage.java:57)
at testCases.CompletePurchase.CompletePurchaseTest(CompletePurchase.java:21)
at java.base/java.util.concurrent.Executors$RunnableAdapter.call(Executors.java:539)
at java.base/java.util.concurrent.FutureTask.run(FutureTask.java:264)
at java.base/java.util.concurrent.ThreadPoolExecutor.runWorker(ThreadPoolExecutor.java:1136)
at java.base/java.util.concurrent.ThreadPoolExecutor$Worker.run(ThreadPoolExecutor.java:635)
at java.base/java.lang.Thread.run(Thread.java:833)
... Removed 13 stack frames]]>
    </failure>
  </testcase> <!-- CompletePurchaseTest -->
  <testcase classname="testCases.TermsAndConditions" name="TermsAndConditionsTest" time="0.001">
    <skipped/>
  </testcase> <!-- TermsAndConditionsTest -->
  <testcase classname="testCases.ShopSelectingUnitedStates" name="ShopSelectingUnitedStatesTest" time="0.0">
    <skipped/>
  </testcase> <!-- ShopSelectingUnitedStatesTest -->
  <testcase classname="testCases.AddToCart" name="AddToCartTest" time="0.019">
    <failure type="org.openqa.selenium.WebDriverException" message="&amp;apos;POST /element&amp;apos; cannot be proxied to UiAutomator2 server because the instrumentation process is not running (probably crashed). Check the server log and/or the logcat output for more details
Build info: version: &amp;apos;4.41.0&amp;apos;, revision: &amp;apos;9fc754f&amp;apos;
System info: os.name: &amp;apos;Windows 11&amp;apos;, os.arch: &amp;apos;amd64&amp;apos;, os.version: &amp;apos;10.0&amp;apos;, java.version: &amp;apos;18.0.2.1&amp;apos;
Driver info: io.appium.java_client.android.AndroidDriver
Command: [2f681ab3-8b21-4cbe-8c3c-7dd8b550cd20, findElement {value=com.androidsample.generalstore:id/nameField, using=id}]
Capabilities {appium:app: C://Users//sunda//eclipse-w..., appium:appActivity: com.androidsample.generalst..., appium:appPackage: com.androidsample.generalstore, appium:automationName: UIAutomator2, appium:databaseEnabled: false, appium:desired: {app: C://Users//sunda//eclipse-w..., automationName: UIAutomator2, deviceName: emulator-5554, platformName: ANDROID, systemPort: 8201}, appium:deviceApiLevel: 37, appium:deviceManufacturer: Google, appium:deviceModel: sdk_gphone16k_x86_64, appium:deviceName: emulator-5554, appium:deviceScreenDensity: 420, appium:deviceScreenSize: 1080x2424, appium:deviceUDID: emulator-5554, appium:javascriptEnabled: true, appium:locationContextEnabled: false, appium:networkConnectionEnabled: true, appium:pixelRatio: 2.625, appium:platformVersion: 17, appium:statBarHeight: 137, appium:systemPort: 8201, appium:takesScreenshot: true, appium:viewportRect: {height: 2287, left: 0, top: 137, width: 1080}, appium:warnings: {}, appium:webStorageEnabled: false, platformName: ANDROID}
Session ID: 2f681ab3-8b21-4cbe-8c3c-7dd8b550cd20">
      <![CDATA[org.openqa.selenium.WebDriverException: 'POST /element' cannot be proxied to UiAutomator2 server because the instrumentation process is not running (probably crashed). Check the server log and/or the logcat output for more details
Build info: version: '4.41.0', revision: '9fc754f'
System info: os.name: 'Windows 11', os.arch: 'amd64', os.version: '10.0', java.version: '18.0.2.1'
Driver info: io.appium.java_client.android.AndroidDriver
Command: [2f681ab3-8b21-4cbe-8c3c-7dd8b550cd20, findElement {value=com.androidsample.generalstore:id/nameField, using=id}]
Capabilities {appium:app: C://Users//sunda//eclipse-w..., appium:appActivity: com.androidsample.generalst..., appium:appPackage: com.androidsample.generalstore, appium:automationName: UIAutomator2, appium:databaseEnabled: false, appium:desired: {app: C://Users//sunda//eclipse-w..., automationName: UIAutomator2, deviceName: emulator-5554, platformName: ANDROID, systemPort: 8201}, appium:deviceApiLevel: 37, appium:deviceManufacturer: Google, appium:deviceModel: sdk_gphone16k_x86_64, appium:deviceName: emulator-5554, appium:deviceScreenDensity: 420, appium:deviceScreenSize: 1080x2424, appium:deviceUDID: emulator-5554, appium:javascriptEnabled: true, appium:locationContextEnabled: false, appium:networkConnectionEnabled: true, appium:pixelRatio: 2.625, appium:platformVersion: 17, appium:statBarHeight: 137, appium:systemPort: 8201, appium:takesScreenshot: true, appium:viewportRect: {height: 2287, left: 0, top: 137, width: 1080}, appium:warnings: {}, appium:webStorageEnabled: false, platformName: ANDROID}
Session ID: 2f681ab3-8b21-4cbe-8c3c-7dd8b550cd20
at org.openqa.selenium.remote.ErrorCodec.decode(ErrorCodec.java:169)
at org.openqa.selenium.remote.codec.w3c.W3CHttpResponseCodec.decode(W3CHttpResponseCodec.java:142)
at org.openqa.selenium.remote.codec.w3c.W3CHttpResponseCodec.decode(W3CHttpResponseCodec.java:49)
at org.openqa.selenium.remote.HttpCommandExecutor.execute(HttpCommandExecutor.java:223)
at io.appium.java_client.remote.AppiumCommandExecutor.execute(AppiumCommandExecutor.java:243)
at org.openqa.selenium.remote.RemoteWebDriver.execute(RemoteWebDriver.java:604)
at org.openqa.selenium.remote.ElementLocation$ElementFinder$2.findElement(ElementLocation.java:166)
at org.openqa.selenium.remote.ElementLocation.findElement(ElementLocation.java:67)
at org.openqa.selenium.remote.RemoteWebDriver.findElement(RemoteWebDriver.java:427)
at org.openqa.selenium.remote.RemoteWebDriver.findElement(RemoteWebDriver.java:421)
at io.appium.java_client.pagefactory.bys.builder.ByChained.lambda$getSearchingFunction$0(ByChained.java:41)
at org.openqa.selenium.support.ui.FluentWait.until(FluentWait.java:209)
at io.appium.java_client.pagefactory.bys.builder.ByChained.findElement(ByChained.java:72)
at org.openqa.selenium.remote.ElementLocation$ElementFinder$1.findElement(ElementLocation.java:140)
at org.openqa.selenium.remote.ElementLocation.findElement(ElementLocation.java:82)
at org.openqa.selenium.remote.RemoteWebDriver.findElement(RemoteWebDriver.java:427)
at org.openqa.selenium.remote.RemoteWebDriver.findElement(RemoteWebDriver.java:421)
at io.appium.java_client.pagefactory.bys.ContentMappedBy.findElement(ContentMappedBy.java:54)
at org.openqa.selenium.remote.ElementLocation$ElementFinder$1.findElement(ElementLocation.java:140)
at org.openqa.selenium.remote.ElementLocation.findElement(ElementLocation.java:82)
at org.openqa.selenium.remote.RemoteWebDriver.findElement(RemoteWebDriver.java:427)
at org.openqa.selenium.remote.RemoteWebDriver.findElement(RemoteWebDriver.java:421)
at io.appium.java_client.pagefactory.AppiumElementLocator.lambda$findElement$1(AppiumElementLocator.java:160)
at io.appium.java_client.pagefactory.AppiumElementLocator$WaitingFunction.apply(AppiumElementLocator.java:217)
at io.appium.java_client.pagefactory.AppiumElementLocator$WaitingFunction.apply(AppiumElementLocator.java:210)
at org.openqa.selenium.support.ui.FluentWait.until(FluentWait.java:209)
at io.appium.java_client.pagefactory.AppiumElementLocator.waitFor(AppiumElementLocator.java:135)
at io.appium.java_client.pagefactory.AppiumElementLocator.findElement(AppiumElementLocator.java:160)
at io.appium.java_client.pagefactory.interceptors.InterceptorOfASingleElement.call(InterceptorOfASingleElement.java:74)
at io.appium.java_client.proxy.Interceptor.intercept(Interceptor.java:78)
at org.openqa.selenium.remote.RemoteWebElement$ByteBuddy$pnKpN5v1.sendKeys(Unknown Source)
at pageObjects.HomePage.enterName(HomePage.java:52)
at testCases.AddToCart.AddToCartTest(AddToCart.java:17)
at java.base/java.util.concurrent.Executors$RunnableAdapter.call(Executors.java:539)
at java.base/java.util.concurrent.FutureTask.run(FutureTask.java:264)
at java.base/java.util.concurrent.ThreadPoolExecutor.runWorker(ThreadPoolExecutor.java:1136)
at java.base/java.util.concurrent.ThreadPoolExecutor$Worker.run(ThreadPoolExecutor.java:635)
at java.base/java.lang.Thread.run(Thread.java:833)
... Removed 11 stack frames]]>
    </failure>
  </testcase> <!-- AddToCartTest -->
  <testcase classname="testCases.ValidateToastMessage" name="ValidateToastMessageTest" time="4.394">
    <failure type="org.openqa.selenium.WebDriverException" message="Could not proxy command to the remote server. Original error: socket hang up
Build info: version: &amp;apos;4.41.0&amp;apos;, revision: &amp;apos;9fc754f&amp;apos;
System info: os.name: &amp;apos;Windows 11&amp;apos;, os.arch: &amp;apos;amd64&amp;apos;, os.version: &amp;apos;10.0&amp;apos;, java.version: &amp;apos;18.0.2.1&amp;apos;
Driver info: io.appium.java_client.android.AndroidDriver
Command: [ebbb1070-621e-4397-9c2a-332d622c28e3, clickElement {id=00000000-0000-0176-ffff-ffff00000021}]
Capabilities {appium:app: C://Users//sunda//eclipse-w..., appium:appActivity: com.androidsample.generalst..., appium:appPackage: com.androidsample.generalstore, appium:automationName: UIAutomator2, appium:databaseEnabled: false, appium:desired: {app: C://Users//sunda//eclipse-w..., automationName: UIAutomator2, deviceName: emulator-5554, platformName: ANDROID, systemPort: 8201}, appium:deviceApiLevel: 37, appium:deviceManufacturer: Google, appium:deviceModel: sdk_gphone16k_x86_64, appium:deviceName: emulator-5554, appium:deviceScreenDensity: 420, appium:deviceScreenSize: 1080x2424, appium:deviceUDID: emulator-5554, appium:javascriptEnabled: true, appium:locationContextEnabled: false, appium:networkConnectionEnabled: true, appium:pixelRatio: 2.625, appium:platformVersion: 17, appium:statBarHeight: 137, appium:systemPort: 8201, appium:takesScreenshot: true, appium:viewportRect: {height: 2287, left: 0, top: 137, width: 1080}, appium:warnings: {}, appium:webStorageEnabled: false, platformName: ANDROID}
Element: [[AndroidDriver:  on ANDROID (ebbb1070-621e-4397-9c2a-332d622c28e3)] -&amp;gt; id: com.androidsample.generalstore:id/btnLetsShop]
Session ID: ebbb1070-621e-4397-9c2a-332d622c28e3">
      <![CDATA[org.openqa.selenium.WebDriverException: Could not proxy command to the remote server. Original error: socket hang up
Build info: version: '4.41.0', revision: '9fc754f'
System info: os.name: 'Windows 11', os.arch: 'amd64', os.version: '10.0', java.version: '18.0.2.1'
Driver info: io.appium.java_client.android.AndroidDriver
Command: [ebbb1070-621e-4397-9c2a-332d622c28e3, clickElement {id=00000000-0000-0176-ffff-ffff00000021}]
Capabilities {appium:app: C://Users//sunda//eclipse-w..., appium:appActivity: com.androidsample.generalst..., appium:appPackage: com.androidsample.generalstore, appium:automationName: UIAutomator2, appium:databaseEnabled: false, appium:desired: {app: C://Users//sunda//eclipse-w..., automationName: UIAutomator2, deviceName: emulator-5554, platformName: ANDROID, systemPort: 8201}, appium:deviceApiLevel: 37, appium:deviceManufacturer: Google, appium:deviceModel: sdk_gphone16k_x86_64, appium:deviceName: emulator-5554, appium:deviceScreenDensity: 420, appium:deviceScreenSize: 1080x2424, appium:deviceUDID: emulator-5554, appium:javascriptEnabled: true, appium:locationContextEnabled: false, appium:networkConnectionEnabled: true, appium:pixelRatio: 2.625, appium:platformVersion: 17, appium:statBarHeight: 137, appium:systemPort: 8201, appium:takesScreenshot: true, appium:viewportRect: {height: 2287, left: 0, top: 137, width: 1080}, appium:warnings: {}, appium:webStorageEnabled: false, platformName: ANDROID}
Element: [[AndroidDriver:  on ANDROID (ebbb1070-621e-4397-9c2a-332d622c28e3)] -> id: com.androidsample.generalstore:id/btnLetsShop]
Session ID: ebbb1070-621e-4397-9c2a-332d622c28e3
at org.openqa.selenium.remote.ErrorCodec.decode(ErrorCodec.java:169)
at org.openqa.selenium.remote.codec.w3c.W3CHttpResponseCodec.decode(W3CHttpResponseCodec.java:142)
at org.openqa.selenium.remote.codec.w3c.W3CHttpResponseCodec.decode(W3CHttpResponseCodec.java:49)
at org.openqa.selenium.remote.HttpCommandExecutor.execute(HttpCommandExecutor.java:223)
at io.appium.java_client.remote.AppiumCommandExecutor.execute(AppiumCommandExecutor.java:243)
at org.openqa.selenium.remote.RemoteWebDriver.execute(RemoteWebDriver.java:604)
at org.openqa.selenium.remote.RemoteWebElement.execute(RemoteWebElement.java:223)
at org.openqa.selenium.remote.RemoteWebElement.click(RemoteWebElement.java:76)
at io.appium.java_client.pagefactory.ElementInterceptor.getObject(ElementInterceptor.java:42)
at io.appium.java_client.pagefactory.interceptors.InterceptorOfASingleElement.call(InterceptorOfASingleElement.java:78)
at io.appium.java_client.proxy.Interceptor.intercept(Interceptor.java:78)
at org.openqa.selenium.remote.RemoteWebElement$ByteBuddy$pnKpN5v1.click(Unknown Source)
at pageObjects.HomePage.clickLetsShop(HomePage.java:57)
at testCases.ValidateToastMessage.ValidateToastMessageTest(ValidateToastMessage.java:17)
at java.base/java.util.concurrent.Executors$RunnableAdapter.call(Executors.java:539)
at java.base/java.util.concurrent.FutureTask.run(FutureTask.java:264)
at java.base/java.util.concurrent.ThreadPoolExecutor.runWorker(ThreadPoolExecutor.java:1136)
at java.base/java.util.concurrent.ThreadPoolExecutor$Worker.run(ThreadPoolExecutor.java:635)
at java.base/java.lang.Thread.run(Thread.java:833)
... Removed 13 stack frames]]>
    </failure>
  </testcase> <!-- ValidateToastMessageTest -->
</testsuite> <!-- AndroidDevice2Test -->
