<?xml version="1.0" encoding="UTF-8"?>
<!-- Generated by org.testng.reporters.JUnitXMLReporter -->
<testsuite ignored="0" hostname="vidvis" failures="0" tests="7" name="Test" time="297.734" errors="0" timestamp="2026-04-05T00:40:20 EDT">
  <testcase classname="testCases.LaunchApp" name="LaunchAppTest" time="4.553"/>
  <testcase classname="testCases.LetsShop" name="LetsShopTest" time="8.07"/>
  <testcase classname="testCases.CompletePurchase" name="CompletePurchaseTest" time="64.3"/>
  <testcase classname="testCases.AddToCart" name="AddToCartTest" time="18.066"/>
  <testcase classname="testCases.TermsAndConditions" name="TermsAndConditionsTest" time="19.585"/>
  <testcase classname="testCases.ShopSelectingUnitedStates" name="ShopSelectingUnitedStatesTest" time="87.014"/>
  <testcase classname="testCases.ValidateToastMessage" name="ValidateToastMessageTest" time="6.248"/>
</testsuite> <!-- Test -->
