<?xml version="1.0" encoding="UTF-8"?>
<!-- Generated by org.testng.reporters.JUnitXMLReporter -->
<testsuite ignored="0" hostname="vidvis" failures="1" tests="3" name="Test" time="23.569" errors="0" timestamp="2026-04-05T00:16:33 EDT">
  <testcase classname="testCases.ValidateToastMessage" name="ValidateToastMessageTest" time="5.814">
    <skipped/>
  </testcase> <!-- ValidateToastMessageTest -->
  <testcase classname="testCases.ValidateToastMessage" name="ValidateToastMessageTest" time="0.898">
    <skipped/>
  </testcase> <!-- ValidateToastMessageTest -->
  <testcase classname="testCases.ValidateToastMessage" name="ValidateToastMessageTest" time="1.604">
    <failure type="java.lang.AssertionError" message="expected [Please enter your names] but found [Please enter your name]">
      <![CDATA[java.lang.AssertionError: expected [Please enter your names] but found [Please enter your name]
at testCases.ValidateToastMessage.ValidateToastMessageTest(ValidateToastMessage.java:37)
at java.base/java.util.ArrayList.forEach(ArrayList.java:1511)
... Removed 31 stack frames]]>
    </failure>
  </testcase> <!-- ValidateToastMessageTest -->
</testsuite> <!-- Test -->
