<?xml version="1.0" encoding="UTF-8"?>
<testng-results ignored="0" total="7" passed="7" failed="0" skipped="0">
  <reporter-output>
  </reporter-output>
  <suite started-at="2026-04-05T00:35:20 EDT" name="Suite" finished-at="2026-04-05T00:40:18 EDT" duration-ms="297734">
    <groups>
    </groups>
    <test started-at="2026-04-05T00:35:20 EDT" name="Test" finished-at="2026-04-05T00:40:18 EDT" duration-ms="297734">
      <class name="testCases.ShopSelectingUnitedStates">
        <test-method is-config="true" signature="ConfigureAppium()[pri:0, instance:testCases.ShopSelectingUnitedStates@7862f56]" started-at="2026-04-05T00:38:20 EDT" name="ConfigureAppium" finished-at="2026-04-05T00:38:31 EDT" duration-ms="10649" status="PASS">
          <reporter-output>
          </reporter-output>
        </test-method> <!-- ConfigureAppium -->
        <test-method signature="ShopSelectingUnitedStatesTest()[pri:0, instance:testCases.ShopSelectingUnitedStates@7862f56]" started-at="2026-04-05T00:38:31 EDT" name="ShopSelectingUnitedStatesTest" finished-at="2026-04-05T00:39:58 EDT" duration-ms="87014" status="PASS">
          <reporter-output>
          </reporter-output>
        </test-method> <!-- ShopSelectingUnitedStatesTest -->
        <test-method is-config="true" signature="tearDown()[pri:0, instance:testCases.ShopSelectingUnitedStates@7862f56]" started-at="2026-04-05T00:39:58 EDT" name="tearDown" finished-at="2026-04-05T00:40:00 EDT" duration-ms="2112" status="PASS">
          <reporter-output>
          </reporter-output>
        </test-method> <!-- tearDown -->
      </class> <!-- testCases.ShopSelectingUnitedStates -->
      <class name="testCases.TermsAndConditions">
        <test-method is-config="true" signature="ConfigureAppium()[pri:0, instance:testCases.TermsAndConditions@517d4a0d]" started-at="2026-04-05T00:37:48 EDT" name="ConfigureAppium" finished-at="2026-04-05T00:37:59 EDT" duration-ms="10906" status="PASS">
          <reporter-output>
          </reporter-output>
        </test-method> <!-- ConfigureAppium -->
        <test-method signature="TermsAndConditionsTest()[pri:0, instance:testCases.TermsAndConditions@517d4a0d]" started-at="2026-04-05T00:37:59 EDT" name="TermsAndConditionsTest" finished-at="2026-04-05T00:38:18 EDT" duration-ms="19585" status="PASS">
          <reporter-output>
          </reporter-output>
        </test-method> <!-- TermsAndConditionsTest -->
        <test-method is-config="true" signature="tearDown()[pri:0, instance:testCases.TermsAndConditions@517d4a0d]" started-at="2026-04-05T00:38:18 EDT" name="tearDown" finished-at="2026-04-05T00:38:20 EDT" duration-ms="1973" status="PASS">
          <reporter-output>
          </reporter-output>
        </test-method> <!-- tearDown -->
      </class> <!-- testCases.TermsAndConditions -->
      <class name="testCases.LaunchApp">
        <test-method is-config="true" signature="ConfigureAppium()[pri:0, instance:testCases.LaunchApp@6ee6f53]" started-at="2026-04-05T00:35:20 EDT" name="ConfigureAppium" finished-at="2026-04-05T00:35:33 EDT" duration-ms="12434" status="PASS">
          <reporter-output>
          </reporter-output>
        </test-method> <!-- ConfigureAppium -->
        <test-method signature="LaunchAppTest()[pri:0, instance:testCases.LaunchApp@6ee6f53]" started-at="2026-04-05T00:35:33 EDT" name="LaunchAppTest" finished-at="2026-04-05T00:35:37 EDT" duration-ms="4553" status="PASS">
          <reporter-output>
          </reporter-output>
        </test-method> <!-- LaunchAppTest -->
        <test-method is-config="true" signature="tearDown()[pri:0, instance:testCases.LaunchApp@6ee6f53]" started-at="2026-04-05T00:35:37 EDT" name="tearDown" finished-at="2026-04-05T00:35:39 EDT" duration-ms="1543" status="PASS">
          <reporter-output>
          </reporter-output>
        </test-method> <!-- tearDown -->
      </class> <!-- testCases.LaunchApp -->
      <class name="testCases.AddToCart">
        <test-method is-config="true" signature="ConfigureAppium()[pri:0, instance:testCases.AddToCart@4fad9bb2]" started-at="2026-04-05T00:37:17 EDT" name="ConfigureAppium" finished-at="2026-04-05T00:37:28 EDT" duration-ms="10626" status="PASS">
          <reporter-output>
          </reporter-output>
        </test-method> <!-- ConfigureAppium -->
        <test-method signature="AddToCartTest()[pri:0, instance:testCases.AddToCart@4fad9bb2]" started-at="2026-04-05T00:37:28 EDT" name="AddToCartTest" finished-at="2026-04-05T00:37:46 EDT" duration-ms="18066" status="PASS">
          <reporter-output>
          </reporter-output>
        </test-method> <!-- AddToCartTest -->
        <test-method is-config="true" signature="tearDown()[pri:0, instance:testCases.AddToCart@4fad9bb2]" started-at="2026-04-05T00:37:46 EDT" name="tearDown" finished-at="2026-04-05T00:37:48 EDT" duration-ms="1455" status="PASS">
          <reporter-output>
          </reporter-output>
        </test-method> <!-- tearDown -->
      </class> <!-- testCases.AddToCart -->
      <class name="testCases.ValidateToastMessage">
        <test-method is-config="true" signature="ConfigureAppium()[pri:0, instance:testCases.ValidateToastMessage@3a12c404]" started-at="2026-04-05T00:40:00 EDT" name="ConfigureAppium" finished-at="2026-04-05T00:40:10 EDT" duration-ms="10268" status="PASS">
          <reporter-output>
          </reporter-output>
        </test-method> <!-- ConfigureAppium -->
        <test-method signature="ValidateToastMessageTest()[pri:0, instance:testCases.ValidateToastMessage@3a12c404]" started-at="2026-04-05T00:40:10 EDT" name="ValidateToastMessageTest" finished-at="2026-04-05T00:40:16 EDT" duration-ms="6248" status="PASS">
          <reporter-output>
          </reporter-output>
        </test-method> <!-- ValidateToastMessageTest -->
        <test-method is-config="true" signature="tearDown()[pri:0, instance:testCases.ValidateToastMessage@3a12c404]" started-at="2026-04-05T00:40:16 EDT" name="tearDown" finished-at="2026-04-05T00:40:18 EDT" duration-ms="1252" status="PASS">
          <reporter-output>
          </reporter-output>
        </test-method> <!-- tearDown -->
      </class> <!-- testCases.ValidateToastMessage -->
      <class name="testCases.LetsShop">
        <test-method is-config="true" signature="ConfigureAppium()[pri:0, instance:testCases.LetsShop@31bcf236]" started-at="2026-04-05T00:35:39 EDT" name="ConfigureAppium" finished-at="2026-04-05T00:35:50 EDT" duration-ms="11010" status="PASS">
          <reporter-output>
          </reporter-output>
        </test-method> <!-- ConfigureAppium -->
        <test-method signature="LetsShopTest()[pri:0, instance:testCases.LetsShop@31bcf236]" started-at="2026-04-05T00:35:50 EDT" name="LetsShopTest" finished-at="2026-04-05T00:35:58 EDT" duration-ms="8070" status="PASS">
          <reporter-output>
          </reporter-output>
        </test-method> <!-- LetsShopTest -->
        <test-method is-config="true" signature="tearDown()[pri:0, instance:testCases.LetsShop@31bcf236]" started-at="2026-04-05T00:35:58 EDT" name="tearDown" finished-at="2026-04-05T00:36:00 EDT" duration-ms="1653" status="PASS">
          <reporter-output>
          </reporter-output>
        </test-method> <!-- tearDown -->
      </class> <!-- testCases.LetsShop -->
      <class name="testCases.CompletePurchase">
        <test-method is-config="true" signature="ConfigureAppium()[pri:0, instance:testCases.CompletePurchase@4b3ed2f0]" started-at="2026-04-05T00:36:00 EDT" name="ConfigureAppium" finished-at="2026-04-05T00:36:10 EDT" duration-ms="10847" status="PASS">
          <reporter-output>
          </reporter-output>
        </test-method> <!-- ConfigureAppium -->
        <test-method signature="CompletePurchaseTest()[pri:0, instance:testCases.CompletePurchase@4b3ed2f0]" started-at="2026-04-05T00:36:10 EDT" name="CompletePurchaseTest" finished-at="2026-04-05T00:37:15 EDT" duration-ms="64300" status="PASS">
          <reporter-output>
          </reporter-output>
        </test-method> <!-- CompletePurchaseTest -->
        <test-method is-config="true" signature="tearDown()[pri:0, instance:testCases.CompletePurchase@4b3ed2f0]" started-at="2026-04-05T00:37:15 EDT" name="tearDown" finished-at="2026-04-05T00:37:17 EDT" duration-ms="2713" status="PASS">
          <reporter-output>
          </reporter-output>
        </test-method> <!-- tearDown -->
      </class> <!-- testCases.CompletePurchase -->
    </test> <!-- Test -->
  </suite> <!-- Suite -->
</testng-results>
